[0.093s] Invoking command in '/home/ngalacan/vlbarsegyan/turtlebot4_ws/build/turtlebot4_description': CMAKE_PREFIX_PATH=/opt/ros/humble /usr/bin/cmake /home/ngalacan/vlbarsegyan/turtlebot4_ws/src/turtlebot4/turtlebot4_description -DAMENT_CMAKE_SYMLINK_INSTALL=1 -DCMAKE_INSTALL_PREFIX=/home/ngalacan/vlbarsegyan/turtlebot4_ws/install/turtlebot4_description
[0.242s] -- The C compiler identification is GNU 11.4.0
[0.353s] -- The CXX compiler identification is GNU 11.4.0
[0.405s] -- Detecting C compiler ABI info
[0.520s] -- Detecting C compiler ABI info - done
[0.527s] -- Check for working C compiler: /usr/bin/cc - skipped
[0.530s] -- Detecting C compile features
[0.531s] -- Detecting C compile features - done
[0.541s] -- Detecting CXX compiler ABI info
[0.663s] -- Detecting CXX compiler ABI info - done
[0.672s] -- Check for working CXX compiler: /usr/bin/c++ - skipped
[0.672s] -- Detecting CXX compile features
[0.672s] -- Detecting CXX compile features - done
[0.732s] -- Found ament_cmake: 1.3.10 (/opt/ros/humble/share/ament_cmake/cmake)
[0.948s] -- Found Python3: /usr/bin/python3 (found version "3.10.12") found components: Interpreter 
[1.046s] -- Override CMake install command with custom implementation using symlinks instead of copying resources
[1.182s] -- Found urdf: 2.6.1 (/opt/ros/humble/share/urdf/cmake)
[1.354s] -- Found irobot_create_description: 2.1.0 (/opt/ros/humble/share/irobot_create_description/cmake)
[1.356s] -- Found ament_lint_auto: 0.12.11 (/opt/ros/humble/share/ament_lint_auto/cmake)
[1.461s] -- Added test 'copyright' to check source files copyright and LICENSE
[1.464s] -- Added test 'flake8' to check Python code syntax and style conventions
[1.466s] -- Added test 'lint_cmake' to check CMake code style
[1.466s] -- Added test 'pep257' to check Python code against some of the docstring style conventions in PEP 257
[1.466s] -- Added test 'xmllint' to check XML markup files
[1.470s] -- Configuring done
[1.470s] -- Generating done
[1.471s] -- Build files have been written to: /home/ngalacan/vlbarsegyan/turtlebot4_ws/build/turtlebot4_description
[1.481s] Invoked command in '/home/ngalacan/vlbarsegyan/turtlebot4_ws/build/turtlebot4_description' returned '0': CMAKE_PREFIX_PATH=/opt/ros/humble /usr/bin/cmake /home/ngalacan/vlbarsegyan/turtlebot4_ws/src/turtlebot4/turtlebot4_description -DAMENT_CMAKE_SYMLINK_INSTALL=1 -DCMAKE_INSTALL_PREFIX=/home/ngalacan/vlbarsegyan/turtlebot4_ws/install/turtlebot4_description
[1.487s] Invoking command in '/home/ngalacan/vlbarsegyan/turtlebot4_ws/build/turtlebot4_description': CMAKE_PREFIX_PATH=/opt/ros/humble /usr/bin/cmake --build /home/ngalacan/vlbarsegyan/turtlebot4_ws/build/turtlebot4_description -- -j4 -l4
[1.568s] Invoked command in '/home/ngalacan/vlbarsegyan/turtlebot4_ws/build/turtlebot4_description' returned '0': CMAKE_PREFIX_PATH=/opt/ros/humble /usr/bin/cmake --build /home/ngalacan/vlbarsegyan/turtlebot4_ws/build/turtlebot4_description -- -j4 -l4
[1.661s] Invoking command in '/home/ngalacan/vlbarsegyan/turtlebot4_ws/build/turtlebot4_description': CMAKE_PREFIX_PATH=/opt/ros/humble /usr/bin/cmake --install /home/ngalacan/vlbarsegyan/turtlebot4_ws/build/turtlebot4_description
[1.674s] -- Install configuration: ""
[1.674s] -- Execute custom install script
[1.674s] -- Symlinking: /home/ngalacan/vlbarsegyan/turtlebot4_ws/install/turtlebot4_description/share/turtlebot4_description/launch/robot_description.launch.py
[1.686s] -- Symlinking: /home/ngalacan/vlbarsegyan/turtlebot4_ws/install/turtlebot4_description/share/turtlebot4_description/meshes/camera_bracket.dae
[1.699s] -- Symlinking: /home/ngalacan/vlbarsegyan/turtlebot4_ws/install/turtlebot4_description/share/turtlebot4_description/meshes/oakd_lite.dae
[1.720s] -- Symlinking: /home/ngalacan/vlbarsegyan/turtlebot4_ws/install/turtlebot4_description/share/turtlebot4_description/meshes/oakd_pro.dae
[1.743s] -- Symlinking: /home/ngalacan/vlbarsegyan/turtlebot4_ws/install/turtlebot4_description/share/turtlebot4_description/meshes/rplidar.dae
[1.758s] -- Symlinking: /home/ngalacan/vlbarsegyan/turtlebot4_ws/install/turtlebot4_description/share/turtlebot4_description/meshes/shell.dae
[1.775s] -- Symlinking: /home/ngalacan/vlbarsegyan/turtlebot4_ws/install/turtlebot4_description/share/turtlebot4_description/meshes/shell_collision.dae
[1.787s] -- Symlinking: /home/ngalacan/vlbarsegyan/turtlebot4_ws/install/turtlebot4_description/share/turtlebot4_description/meshes/tower.dae
[1.802s] -- Symlinking: /home/ngalacan/vlbarsegyan/turtlebot4_ws/install/turtlebot4_description/share/turtlebot4_description/meshes/tower_sensor_plate.dae
[1.833s] -- Symlinking: /home/ngalacan/vlbarsegyan/turtlebot4_ws/install/turtlebot4_description/share/turtlebot4_description/meshes/tower_standoff.dae
[1.849s] -- Symlinking: /home/ngalacan/vlbarsegyan/turtlebot4_ws/install/turtlebot4_description/share/turtlebot4_description/meshes/weight_block.dae
[1.862s] -- Symlinking: /home/ngalacan/vlbarsegyan/turtlebot4_ws/install/turtlebot4_description/share/turtlebot4_description/urdf/lite/turtlebot4.urdf.xacro
[1.877s] -- Symlinking: /home/ngalacan/vlbarsegyan/turtlebot4_ws/install/turtlebot4_description/share/turtlebot4_description/urdf/sensors/camera_bracket.urdf.xacro
[1.887s] -- Symlinking: /home/ngalacan/vlbarsegyan/turtlebot4_ws/install/turtlebot4_description/share/turtlebot4_description/urdf/sensors/oakd.urdf.xacro
[1.908s] -- Symlinking: /home/ngalacan/vlbarsegyan/turtlebot4_ws/install/turtlebot4_description/share/turtlebot4_description/urdf/sensors/rplidar.urdf.xacro
[1.944s] -- Symlinking: /home/ngalacan/vlbarsegyan/turtlebot4_ws/install/turtlebot4_description/share/turtlebot4_description/urdf/standard/tower_sensor_plate.urdf.xacro
[1.956s] -- Symlinking: /home/ngalacan/vlbarsegyan/turtlebot4_ws/install/turtlebot4_description/share/turtlebot4_description/urdf/standard/tower_standoff.urdf.xacro
[1.975s] -- Symlinking: /home/ngalacan/vlbarsegyan/turtlebot4_ws/install/turtlebot4_description/share/turtlebot4_description/urdf/standard/turtlebot4.urdf.xacro
[1.992s] -- Symlinking: /home/ngalacan/vlbarsegyan/turtlebot4_ws/install/turtlebot4_description/share/turtlebot4_description/urdf/standard/weight_block.urdf.xacro
[2.004s] -- Symlinking: /home/ngalacan/vlbarsegyan/turtlebot4_ws/install/turtlebot4_description/share/ament_index/resource_index/package_run_dependencies/turtlebot4_description
[2.022s] -- Symlinking: /home/ngalacan/vlbarsegyan/turtlebot4_ws/install/turtlebot4_description/share/ament_index/resource_index/parent_prefix_path/turtlebot4_description
[2.050s] -- Symlinking: /home/ngalacan/vlbarsegyan/turtlebot4_ws/install/turtlebot4_description/share/turtlebot4_description/environment/ament_prefix_path.sh
[2.061s] -- Symlinking: /home/ngalacan/vlbarsegyan/turtlebot4_ws/install/turtlebot4_description/share/turtlebot4_description/environment/ament_prefix_path.dsv
[2.076s] -- Symlinking: /home/ngalacan/vlbarsegyan/turtlebot4_ws/install/turtlebot4_description/share/turtlebot4_description/environment/path.sh
[2.086s] -- Symlinking: /home/ngalacan/vlbarsegyan/turtlebot4_ws/install/turtlebot4_description/share/turtlebot4_description/environment/path.dsv
[2.098s] -- Symlinking: /home/ngalacan/vlbarsegyan/turtlebot4_ws/install/turtlebot4_description/share/turtlebot4_description/local_setup.bash
[2.133s] -- Symlinking: /home/ngalacan/vlbarsegyan/turtlebot4_ws/install/turtlebot4_description/share/turtlebot4_description/local_setup.sh
[2.146s] -- Symlinking: /home/ngalacan/vlbarsegyan/turtlebot4_ws/install/turtlebot4_description/share/turtlebot4_description/local_setup.zsh
[2.165s] -- Symlinking: /home/ngalacan/vlbarsegyan/turtlebot4_ws/install/turtlebot4_description/share/turtlebot4_description/local_setup.dsv
[2.177s] -- Symlinking: /home/ngalacan/vlbarsegyan/turtlebot4_ws/install/turtlebot4_description/share/turtlebot4_description/package.dsv
[2.188s] -- Symlinking: /home/ngalacan/vlbarsegyan/turtlebot4_ws/install/turtlebot4_description/share/ament_index/resource_index/packages/turtlebot4_description
[2.207s] -- Symlinking: /home/ngalacan/vlbarsegyan/turtlebot4_ws/install/turtlebot4_description/share/turtlebot4_description/cmake/turtlebot4_descriptionConfig.cmake
[2.224s] -- Symlinking: /home/ngalacan/vlbarsegyan/turtlebot4_ws/install/turtlebot4_description/share/turtlebot4_description/cmake/turtlebot4_descriptionConfig-version.cmake
[2.236s] -- Symlinking: /home/ngalacan/vlbarsegyan/turtlebot4_ws/install/turtlebot4_description/share/turtlebot4_description/package.xml
[2.249s] Invoked command in '/home/ngalacan/vlbarsegyan/turtlebot4_ws/build/turtlebot4_description' returned '0': CMAKE_PREFIX_PATH=/opt/ros/humble /usr/bin/cmake --install /home/ngalacan/vlbarsegyan/turtlebot4_ws/build/turtlebot4_description
