[0.078s] Invoking command in '/home/ngalacan/vlbarsegyan/turtlebot4_ws/build/turtlebot4_navigation': CMAKE_PREFIX_PATH=/opt/ros/humble /usr/bin/cmake /home/ngalacan/vlbarsegyan/turtlebot4_ws/src/turtlebot4/turtlebot4_navigation -DAMENT_CMAKE_SYMLINK_INSTALL=1 -DCMAKE_INSTALL_PREFIX=/home/ngalacan/vlbarsegyan/turtlebot4_ws/install/turtlebot4_navigation
[0.222s] -- The C compiler identification is GNU 11.4.0
[0.332s] -- The CXX compiler identification is GNU 11.4.0
[0.379s] -- Detecting C compiler ABI info
[0.518s] -- Detecting C compiler ABI info - done
[0.525s] -- Check for working C compiler: /usr/bin/cc - skipped
[0.525s] -- Detecting C compile features
[0.528s] -- Detecting C compile features - done
[0.528s] -- Detecting CXX compiler ABI info
[0.649s] -- Detecting CXX compiler ABI info - done
[0.657s] -- Check for working CXX compiler: /usr/bin/c++ - skipped
[0.657s] -- Detecting CXX compile features
[0.660s] -- Detecting CXX compile features - done
[0.708s] -- Found ament_cmake: 1.3.10 (/opt/ros/humble/share/ament_cmake/cmake)
[0.919s] -- Found Python3: /usr/bin/python3 (found version "3.10.12") found components: Interpreter 
[1.021s] -- Override CMake install command with custom implementation using symlinks instead of copying resources
[1.262s] -- Found ament_lint_auto: 0.12.11 (/opt/ros/humble/share/ament_lint_auto/cmake)
[1.393s] -- Added test 'copyright' to check source files copyright and LICENSE
[1.400s] -- Added test 'flake8' to check Python code syntax and style conventions
[1.411s] -- Added test 'lint_cmake' to check CMake code style
[1.411s] -- Added test 'pep257' to check Python code against some of the docstring style conventions in PEP 257
[1.411s] -- Added test 'xmllint' to check XML markup files
[1.412s] -- Configuring done
[1.422s] -- Generating done
[1.423s] -- Build files have been written to: /home/ngalacan/vlbarsegyan/turtlebot4_ws/build/turtlebot4_navigation
[1.435s] Invoked command in '/home/ngalacan/vlbarsegyan/turtlebot4_ws/build/turtlebot4_navigation' returned '0': CMAKE_PREFIX_PATH=/opt/ros/humble /usr/bin/cmake /home/ngalacan/vlbarsegyan/turtlebot4_ws/src/turtlebot4/turtlebot4_navigation -DAMENT_CMAKE_SYMLINK_INSTALL=1 -DCMAKE_INSTALL_PREFIX=/home/ngalacan/vlbarsegyan/turtlebot4_ws/install/turtlebot4_navigation
[1.436s] Invoking command in '/home/ngalacan/vlbarsegyan/turtlebot4_ws/build/turtlebot4_navigation': CMAKE_PREFIX_PATH=/opt/ros/humble /usr/bin/cmake --build /home/ngalacan/vlbarsegyan/turtlebot4_ws/build/turtlebot4_navigation -- -j4 -l4
[1.563s] Built target ament_cmake_python_symlink_turtlebot4_navigation
[1.899s] running egg_info
[1.900s] creating turtlebot4_navigation.egg-info
[1.900s] writing turtlebot4_navigation.egg-info/PKG-INFO
[1.900s] writing dependency_links to turtlebot4_navigation.egg-info/dependency_links.txt
[1.901s] writing top-level names to turtlebot4_navigation.egg-info/top_level.txt
[1.901s] writing manifest file 'turtlebot4_navigation.egg-info/SOURCES.txt'
[1.906s] reading manifest file 'turtlebot4_navigation.egg-info/SOURCES.txt'
[1.907s] writing manifest file 'turtlebot4_navigation.egg-info/SOURCES.txt'
[1.941s] Built target ament_cmake_python_build_turtlebot4_navigation_egg
[1.964s] Invoked command in '/home/ngalacan/vlbarsegyan/turtlebot4_ws/build/turtlebot4_navigation' returned '0': CMAKE_PREFIX_PATH=/opt/ros/humble /usr/bin/cmake --build /home/ngalacan/vlbarsegyan/turtlebot4_ws/build/turtlebot4_navigation -- -j4 -l4
[2.052s] Invoking command in '/home/ngalacan/vlbarsegyan/turtlebot4_ws/build/turtlebot4_navigation': CMAKE_PREFIX_PATH=/opt/ros/humble /usr/bin/cmake --install /home/ngalacan/vlbarsegyan/turtlebot4_ws/build/turtlebot4_navigation
[2.060s] -- Install configuration: ""
[2.062s] -- Execute custom install script
[2.064s] -- Symlinking: /home/ngalacan/vlbarsegyan/turtlebot4_ws/install/turtlebot4_navigation/share/turtlebot4_navigation/config/localization.yaml
[2.077s] -- Symlinking: /home/ngalacan/vlbarsegyan/turtlebot4_ws/install/turtlebot4_navigation/share/turtlebot4_navigation/config/nav2.yaml
[2.105s] -- Symlinking: /home/ngalacan/vlbarsegyan/turtlebot4_ws/install/turtlebot4_navigation/share/turtlebot4_navigation/config/slam.yaml
[2.120s] -- Symlinking: /home/ngalacan/vlbarsegyan/turtlebot4_ws/install/turtlebot4_navigation/share/turtlebot4_navigation/launch/localization.launch.py
[2.134s] -- Symlinking: /home/ngalacan/vlbarsegyan/turtlebot4_ws/install/turtlebot4_navigation/share/turtlebot4_navigation/launch/nav2.launch.py
[2.145s] -- Symlinking: /home/ngalacan/vlbarsegyan/turtlebot4_ws/install/turtlebot4_navigation/share/turtlebot4_navigation/launch/slam.launch.py
[2.156s] -- Symlinking: /home/ngalacan/vlbarsegyan/turtlebot4_ws/install/turtlebot4_navigation/share/turtlebot4_navigation/maps/depot.pgm
[2.166s] -- Symlinking: /home/ngalacan/vlbarsegyan/turtlebot4_ws/install/turtlebot4_navigation/share/turtlebot4_navigation/maps/depot.yaml
[2.179s] -- Symlinking: /home/ngalacan/vlbarsegyan/turtlebot4_ws/install/turtlebot4_navigation/share/turtlebot4_navigation/maps/maze.pgm
[2.197s] -- Symlinking: /home/ngalacan/vlbarsegyan/turtlebot4_ws/install/turtlebot4_navigation/share/turtlebot4_navigation/maps/maze.yaml
[2.210s] -- Symlinking: /home/ngalacan/vlbarsegyan/turtlebot4_ws/install/turtlebot4_navigation/share/turtlebot4_navigation/maps/warehouse.pgm
[2.222s] -- Symlinking: /home/ngalacan/vlbarsegyan/turtlebot4_ws/install/turtlebot4_navigation/share/turtlebot4_navigation/maps/warehouse.yaml
[2.236s] -- Symlinking: /home/ngalacan/vlbarsegyan/turtlebot4_ws/install/turtlebot4_navigation/share/turtlebot4_navigation/environment/pythonpath.sh
[2.250s] -- Symlinking: /home/ngalacan/vlbarsegyan/turtlebot4_ws/install/turtlebot4_navigation/share/turtlebot4_navigation/environment/pythonpath.dsv
[2.266s] -- Symlinking: /home/ngalacan/vlbarsegyan/turtlebot4_ws/install/turtlebot4_navigation/local/lib/python3.10/dist-packages/turtlebot4_navigation-1.0.5-py3.10.egg-info/PKG-INFO
[2.277s] -- Symlinking: /home/ngalacan/vlbarsegyan/turtlebot4_ws/install/turtlebot4_navigation/local/lib/python3.10/dist-packages/turtlebot4_navigation-1.0.5-py3.10.egg-info/SOURCES.txt
[2.294s] -- Symlinking: /home/ngalacan/vlbarsegyan/turtlebot4_ws/install/turtlebot4_navigation/local/lib/python3.10/dist-packages/turtlebot4_navigation-1.0.5-py3.10.egg-info/dependency_links.txt
[2.348s] -- Symlinking: /home/ngalacan/vlbarsegyan/turtlebot4_ws/install/turtlebot4_navigation/local/lib/python3.10/dist-packages/turtlebot4_navigation-1.0.5-py3.10.egg-info/top_level.txt
[2.360s] -- Symlinking: /home/ngalacan/vlbarsegyan/turtlebot4_ws/install/turtlebot4_navigation/local/lib/python3.10/dist-packages/turtlebot4_navigation/__init__.py
[2.372s] -- Symlinking: /home/ngalacan/vlbarsegyan/turtlebot4_ws/install/turtlebot4_navigation/local/lib/python3.10/dist-packages/turtlebot4_navigation/turtlebot4_navigator.py
[2.394s] -- Symlinking: /home/ngalacan/vlbarsegyan/turtlebot4_ws/install/turtlebot4_navigation/local/lib/python3.10/dist-packages/turtlebot4_navigator.py
[2.407s] -- Symlinking: /home/ngalacan/vlbarsegyan/turtlebot4_ws/install/turtlebot4_navigation/share/ament_index/resource_index/package_run_dependencies/turtlebot4_navigation
[2.418s] -- Symlinking: /home/ngalacan/vlbarsegyan/turtlebot4_ws/install/turtlebot4_navigation/share/ament_index/resource_index/parent_prefix_path/turtlebot4_navigation
[2.430s] -- Symlinking: /home/ngalacan/vlbarsegyan/turtlebot4_ws/install/turtlebot4_navigation/share/turtlebot4_navigation/environment/ament_prefix_path.sh
[2.442s] -- Symlinking: /home/ngalacan/vlbarsegyan/turtlebot4_ws/install/turtlebot4_navigation/share/turtlebot4_navigation/environment/ament_prefix_path.dsv
[2.454s] -- Symlinking: /home/ngalacan/vlbarsegyan/turtlebot4_ws/install/turtlebot4_navigation/share/turtlebot4_navigation/environment/path.sh
[2.464s] -- Symlinking: /home/ngalacan/vlbarsegyan/turtlebot4_ws/install/turtlebot4_navigation/share/turtlebot4_navigation/environment/path.dsv
[2.499s] -- Symlinking: /home/ngalacan/vlbarsegyan/turtlebot4_ws/install/turtlebot4_navigation/share/turtlebot4_navigation/local_setup.bash
[2.523s] -- Symlinking: /home/ngalacan/vlbarsegyan/turtlebot4_ws/install/turtlebot4_navigation/share/turtlebot4_navigation/local_setup.sh
[2.535s] -- Symlinking: /home/ngalacan/vlbarsegyan/turtlebot4_ws/install/turtlebot4_navigation/share/turtlebot4_navigation/local_setup.zsh
[2.546s] -- Symlinking: /home/ngalacan/vlbarsegyan/turtlebot4_ws/install/turtlebot4_navigation/share/turtlebot4_navigation/local_setup.dsv
[2.559s] -- Symlinking: /home/ngalacan/vlbarsegyan/turtlebot4_ws/install/turtlebot4_navigation/share/turtlebot4_navigation/package.dsv
[2.571s] -- Symlinking: /home/ngalacan/vlbarsegyan/turtlebot4_ws/install/turtlebot4_navigation/share/ament_index/resource_index/packages/turtlebot4_navigation
[2.584s] -- Symlinking: /home/ngalacan/vlbarsegyan/turtlebot4_ws/install/turtlebot4_navigation/share/turtlebot4_navigation/cmake/turtlebot4_navigationConfig.cmake
[2.599s] -- Symlinking: /home/ngalacan/vlbarsegyan/turtlebot4_ws/install/turtlebot4_navigation/share/turtlebot4_navigation/cmake/turtlebot4_navigationConfig-version.cmake
[2.612s] -- Symlinking: /home/ngalacan/vlbarsegyan/turtlebot4_ws/install/turtlebot4_navigation/share/turtlebot4_navigation/package.xml
[2.658s] Listing '/home/ngalacan/vlbarsegyan/turtlebot4_ws/install/turtlebot4_navigation/local/lib/python3.10/dist-packages/turtlebot4_navigation'...
[2.658s] Compiling '/home/ngalacan/vlbarsegyan/turtlebot4_ws/install/turtlebot4_navigation/local/lib/python3.10/dist-packages/turtlebot4_navigation/__init__.py'...
[2.659s] Compiling '/home/ngalacan/vlbarsegyan/turtlebot4_ws/install/turtlebot4_navigation/local/lib/python3.10/dist-packages/turtlebot4_navigation/turtlebot4_navigator.py'...
[2.717s] Compiling '/home/ngalacan/vlbarsegyan/turtlebot4_ws/install/turtlebot4_navigation/local/lib/python3.10/dist-packages/turtlebot4_navigator.py'...
[2.725s] Invoked command in '/home/ngalacan/vlbarsegyan/turtlebot4_ws/build/turtlebot4_navigation' returned '0': CMAKE_PREFIX_PATH=/opt/ros/humble /usr/bin/cmake --install /home/ngalacan/vlbarsegyan/turtlebot4_ws/build/turtlebot4_navigation
