[0.018s] Invoking command in '/home/ngalacan/vlbarsegyan/turtlebot4_ws/build/turtlebot4_node': AMENT_PREFIX_PATH=/home/ngalacan/vlbarsegyan/turtlebot4_ws/install/turtlebot4_msgs:${AMENT_PREFIX_PATH} CMAKE_PREFIX_PATH=/home/ngalacan/vlbarsegyan/turtlebot4_ws/install/turtlebot4_msgs:/opt/ros/humble LD_LIBRARY_PATH=/home/ngalacan/vlbarsegyan/turtlebot4_ws/install/turtlebot4_msgs/lib:${LD_LIBRARY_PATH} PYTHONPATH=/home/ngalacan/vlbarsegyan/turtlebot4_ws/install/turtlebot4_msgs/local/lib/python3.10/dist-packages:${PYTHONPATH} /usr/bin/cmake /home/ngalacan/vlbarsegyan/turtlebot4_ws/src/turtlebot4/turtlebot4_node -DAMENT_CMAKE_SYMLINK_INSTALL=1 -DCMAKE_INSTALL_PREFIX=/home/ngalacan/vlbarsegyan/turtlebot4_ws/install/turtlebot4_node
[0.147s] -- The C compiler identification is GNU 11.4.0
[0.230s] -- The CXX compiler identification is GNU 11.4.0
[0.240s] -- Detecting C compiler ABI info
[0.375s] -- Detecting C compiler ABI info - done
[0.378s] -- Check for working C compiler: /usr/bin/cc - skipped
[0.378s] -- Detecting C compile features
[0.379s] -- Detecting C compile features - done
[0.382s] -- Detecting CXX compiler ABI info
[0.503s] -- Detecting CXX compiler ABI info - done
[0.509s] -- Check for working CXX compiler: /usr/bin/c++ - skipped
[0.517s] -- Detecting CXX compile features
[0.517s] -- Detecting CXX compile features - done
[0.517s] -- Found ament_cmake: 1.3.10 (/opt/ros/humble/share/ament_cmake/cmake)
[0.703s] -- Found Python3: /usr/bin/python3 (found version "3.10.12") found components: Interpreter 
[0.769s] -- Override CMake install command with custom implementation using symlinks instead of copying resources
[0.785s] -- Found rclcpp: 16.0.10 (/opt/ros/humble/share/rclcpp/cmake)
[0.856s] -- Found rosidl_generator_c: 3.1.5 (/opt/ros/humble/share/rosidl_generator_c/cmake)
[0.857s] -- Found rosidl_adapter: 3.1.5 (/opt/ros/humble/share/rosidl_adapter/cmake)
[0.859s] -- Found rosidl_generator_cpp: 3.1.5 (/opt/ros/humble/share/rosidl_generator_cpp/cmake)
[0.883s] -- Using all available rosidl_typesupport_c: rosidl_typesupport_fastrtps_c;rosidl_typesupport_introspection_c
[0.883s] -- Using all available rosidl_typesupport_cpp: rosidl_typesupport_fastrtps_cpp;rosidl_typesupport_introspection_cpp
[1.003s] -- Found rmw_implementation_cmake: 6.1.2 (/opt/ros/humble/share/rmw_implementation_cmake/cmake)
[1.023s] -- Found rmw_fastrtps_cpp: 6.2.7 (/opt/ros/humble/share/rmw_fastrtps_cpp/cmake)
[1.201s] -- Found OpenSSL: /usr/lib/x86_64-linux-gnu/libcrypto.so (found version "3.0.2")  
[1.230s] -- Found FastRTPS: /opt/ros/humble/include  
[1.288s] -- Using RMW implementation 'rmw_fastrtps_cpp' as default
[1.315s] -- Looking for pthread.h
[1.416s] -- Looking for pthread.h - found
[1.417s] -- Performing Test CMAKE_HAVE_LIBC_PTHREAD
[1.522s] -- Performing Test CMAKE_HAVE_LIBC_PTHREAD - Success
[1.522s] -- Found Threads: TRUE  
[1.650s] -- Found rclcpp_action: 16.0.10 (/opt/ros/humble/share/rclcpp_action/cmake)
[1.743s] -- Found std_srvs: 4.2.4 (/opt/ros/humble/share/std_srvs/cmake)
[1.790s] -- Found sensor_msgs: 4.2.4 (/opt/ros/humble/share/sensor_msgs/cmake)
[1.853s] -- Found irobot_create_msgs: 2.1.0 (/opt/ros/humble/share/irobot_create_msgs/cmake)
[1.904s] -- Found turtlebot4_msgs: 1.0.5 (/home/ngalacan/vlbarsegyan/turtlebot4_ws/install/turtlebot4_msgs/share/turtlebot4_msgs/cmake)
[1.917s] -- Found ament_lint_auto: 0.12.11 (/opt/ros/humble/share/ament_lint_auto/cmake)
[2.010s] -- Added test 'cppcheck' to perform static code analysis on C / C++ code
[2.010s] -- Configured cppcheck include dirs: /home/ngalacan/vlbarsegyan/turtlebot4_ws/src/turtlebot4/turtlebot4_node/include
[2.010s] -- Configured cppcheck exclude dirs and/or files: 
[2.010s] -- Added test 'cpplint' to check C / C++ code against the Google style
[2.010s] -- Configured cpplint exclude dirs and/or files: 
[2.010s] -- Added test 'lint_cmake' to check CMake code style
[2.010s] -- Added test 'uncrustify' to check C / C++ code style
[2.010s] -- Configured uncrustify additional arguments: 
[2.010s] -- Added test 'xmllint' to check XML markup files
[2.028s] -- Configuring done
[2.028s] -- Generating done
[2.028s] -- Build files have been written to: /home/ngalacan/vlbarsegyan/turtlebot4_ws/build/turtlebot4_node
[2.042s] Invoked command in '/home/ngalacan/vlbarsegyan/turtlebot4_ws/build/turtlebot4_node' returned '0': AMENT_PREFIX_PATH=/home/ngalacan/vlbarsegyan/turtlebot4_ws/install/turtlebot4_msgs:${AMENT_PREFIX_PATH} CMAKE_PREFIX_PATH=/home/ngalacan/vlbarsegyan/turtlebot4_ws/install/turtlebot4_msgs:/opt/ros/humble LD_LIBRARY_PATH=/home/ngalacan/vlbarsegyan/turtlebot4_ws/install/turtlebot4_msgs/lib:${LD_LIBRARY_PATH} PYTHONPATH=/home/ngalacan/vlbarsegyan/turtlebot4_ws/install/turtlebot4_msgs/local/lib/python3.10/dist-packages:${PYTHONPATH} /usr/bin/cmake /home/ngalacan/vlbarsegyan/turtlebot4_ws/src/turtlebot4/turtlebot4_node -DAMENT_CMAKE_SYMLINK_INSTALL=1 -DCMAKE_INSTALL_PREFIX=/home/ngalacan/vlbarsegyan/turtlebot4_ws/install/turtlebot4_node
[2.043s] Invoking command in '/home/ngalacan/vlbarsegyan/turtlebot4_ws/build/turtlebot4_node': AMENT_PREFIX_PATH=/home/ngalacan/vlbarsegyan/turtlebot4_ws/install/turtlebot4_msgs:${AMENT_PREFIX_PATH} CMAKE_PREFIX_PATH=/home/ngalacan/vlbarsegyan/turtlebot4_ws/install/turtlebot4_msgs:/opt/ros/humble LD_LIBRARY_PATH=/home/ngalacan/vlbarsegyan/turtlebot4_ws/install/turtlebot4_msgs/lib:${LD_LIBRARY_PATH} PYTHONPATH=/home/ngalacan/vlbarsegyan/turtlebot4_ws/install/turtlebot4_msgs/local/lib/python3.10/dist-packages:${PYTHONPATH} /usr/bin/cmake --build /home/ngalacan/vlbarsegyan/turtlebot4_ws/build/turtlebot4_node -- -j4 -l4
[2.127s] [ 12%] [32mBuilding CXX object CMakeFiles/turtlebot4_node_lib.dir/src/main.cpp.o[0m
[7.980s] [ 25%] [32mBuilding CXX object CMakeFiles/turtlebot4_node_lib.dir/src/buttons.cpp.o[0m
[20.836s] [ 50%] [32mBuilding CXX object CMakeFiles/turtlebot4_node_lib.dir/src/leds.cpp.o[0m
[20.837s] [ 50%] [32mBuilding CXX object CMakeFiles/turtlebot4_node_lib.dir/src/display.cpp.o[0m
[34.032s] [ 62%] [32mBuilding CXX object CMakeFiles/turtlebot4_node_lib.dir/src/turtlebot4.cpp.o[0m
[55.452s] [ 75%] [32m[1mLinking CXX static library libturtlebot4_node_lib.a[0m
[56.416s] [ 75%] Built target turtlebot4_node_lib
[56.491s] [ 87%] [32mBuilding CXX object CMakeFiles/turtlebot4_node.dir/src/main.cpp.o[0m
[62.069s] [100%] [32m[1mLinking CXX executable turtlebot4_node[0m
[65.934s] [100%] Built target turtlebot4_node
[65.950s] Invoked command in '/home/ngalacan/vlbarsegyan/turtlebot4_ws/build/turtlebot4_node' returned '0': AMENT_PREFIX_PATH=/home/ngalacan/vlbarsegyan/turtlebot4_ws/install/turtlebot4_msgs:${AMENT_PREFIX_PATH} CMAKE_PREFIX_PATH=/home/ngalacan/vlbarsegyan/turtlebot4_ws/install/turtlebot4_msgs:/opt/ros/humble LD_LIBRARY_PATH=/home/ngalacan/vlbarsegyan/turtlebot4_ws/install/turtlebot4_msgs/lib:${LD_LIBRARY_PATH} PYTHONPATH=/home/ngalacan/vlbarsegyan/turtlebot4_ws/install/turtlebot4_msgs/local/lib/python3.10/dist-packages:${PYTHONPATH} /usr/bin/cmake --build /home/ngalacan/vlbarsegyan/turtlebot4_ws/build/turtlebot4_node -- -j4 -l4
[66.075s] Invoking command in '/home/ngalacan/vlbarsegyan/turtlebot4_ws/build/turtlebot4_node': AMENT_PREFIX_PATH=/home/ngalacan/vlbarsegyan/turtlebot4_ws/install/turtlebot4_msgs:${AMENT_PREFIX_PATH} CMAKE_PREFIX_PATH=/home/ngalacan/vlbarsegyan/turtlebot4_ws/install/turtlebot4_msgs:/opt/ros/humble LD_LIBRARY_PATH=/home/ngalacan/vlbarsegyan/turtlebot4_ws/install/turtlebot4_msgs/lib:${LD_LIBRARY_PATH} PYTHONPATH=/home/ngalacan/vlbarsegyan/turtlebot4_ws/install/turtlebot4_msgs/local/lib/python3.10/dist-packages:${PYTHONPATH} /usr/bin/cmake --install /home/ngalacan/vlbarsegyan/turtlebot4_ws/build/turtlebot4_node
[66.114s] -- Install configuration: ""
[66.114s] -- Execute custom install script
[66.114s] -- Symlinking: /home/ngalacan/vlbarsegyan/turtlebot4_ws/install/turtlebot4_node/lib/turtlebot4_node/turtlebot4_node
[66.134s] -- Symlinking: /home/ngalacan/vlbarsegyan/turtlebot4_ws/install/turtlebot4_node/include/turtlebot4_node/action.hpp
[66.145s] -- Symlinking: /home/ngalacan/vlbarsegyan/turtlebot4_ws/install/turtlebot4_node/include/turtlebot4_node/buttons.hpp
[66.157s] -- Symlinking: /home/ngalacan/vlbarsegyan/turtlebot4_ws/install/turtlebot4_node/include/turtlebot4_node/display.hpp
[66.169s] -- Symlinking: /home/ngalacan/vlbarsegyan/turtlebot4_ws/install/turtlebot4_node/include/turtlebot4_node/leds.hpp
[66.181s] -- Symlinking: /home/ngalacan/vlbarsegyan/turtlebot4_ws/install/turtlebot4_node/include/turtlebot4_node/service.hpp
[66.197s] -- Symlinking: /home/ngalacan/vlbarsegyan/turtlebot4_ws/install/turtlebot4_node/include/turtlebot4_node/turtlebot4.hpp
[66.210s] -- Symlinking: /home/ngalacan/vlbarsegyan/turtlebot4_ws/install/turtlebot4_node/include/turtlebot4_node/utils.hpp
[66.225s] -- Symlinking: /home/ngalacan/vlbarsegyan/turtlebot4_ws/install/turtlebot4_node/share/ament_index/resource_index/package_run_dependencies/turtlebot4_node
[66.239s] -- Symlinking: /home/ngalacan/vlbarsegyan/turtlebot4_ws/install/turtlebot4_node/share/ament_index/resource_index/parent_prefix_path/turtlebot4_node
[66.252s] -- Symlinking: /home/ngalacan/vlbarsegyan/turtlebot4_ws/install/turtlebot4_node/share/turtlebot4_node/environment/ament_prefix_path.sh
[66.267s] -- Symlinking: /home/ngalacan/vlbarsegyan/turtlebot4_ws/install/turtlebot4_node/share/turtlebot4_node/environment/ament_prefix_path.dsv
[66.280s] -- Symlinking: /home/ngalacan/vlbarsegyan/turtlebot4_ws/install/turtlebot4_node/share/turtlebot4_node/environment/path.sh
[66.297s] -- Symlinking: /home/ngalacan/vlbarsegyan/turtlebot4_ws/install/turtlebot4_node/share/turtlebot4_node/environment/path.dsv
[66.314s] -- Symlinking: /home/ngalacan/vlbarsegyan/turtlebot4_ws/install/turtlebot4_node/share/turtlebot4_node/local_setup.bash
[66.328s] -- Symlinking: /home/ngalacan/vlbarsegyan/turtlebot4_ws/install/turtlebot4_node/share/turtlebot4_node/local_setup.sh
[66.340s] -- Symlinking: /home/ngalacan/vlbarsegyan/turtlebot4_ws/install/turtlebot4_node/share/turtlebot4_node/local_setup.zsh
[66.351s] -- Symlinking: /home/ngalacan/vlbarsegyan/turtlebot4_ws/install/turtlebot4_node/share/turtlebot4_node/local_setup.dsv
[66.365s] -- Symlinking: /home/ngalacan/vlbarsegyan/turtlebot4_ws/install/turtlebot4_node/share/turtlebot4_node/package.dsv
[66.376s] -- Symlinking: /home/ngalacan/vlbarsegyan/turtlebot4_ws/install/turtlebot4_node/share/ament_index/resource_index/packages/turtlebot4_node
[66.397s] -- Symlinking: /home/ngalacan/vlbarsegyan/turtlebot4_ws/install/turtlebot4_node/share/turtlebot4_node/cmake/ament_cmake_export_include_directories-extras.cmake
[66.411s] -- Symlinking: /home/ngalacan/vlbarsegyan/turtlebot4_ws/install/turtlebot4_node/share/turtlebot4_node/cmake/turtlebot4_nodeConfig.cmake
[66.424s] -- Symlinking: /home/ngalacan/vlbarsegyan/turtlebot4_ws/install/turtlebot4_node/share/turtlebot4_node/cmake/turtlebot4_nodeConfig-version.cmake
[66.436s] -- Symlinking: /home/ngalacan/vlbarsegyan/turtlebot4_ws/install/turtlebot4_node/share/turtlebot4_node/package.xml
[66.456s] Invoked command in '/home/ngalacan/vlbarsegyan/turtlebot4_ws/build/turtlebot4_node' returned '0': AMENT_PREFIX_PATH=/home/ngalacan/vlbarsegyan/turtlebot4_ws/install/turtlebot4_msgs:${AMENT_PREFIX_PATH} CMAKE_PREFIX_PATH=/home/ngalacan/vlbarsegyan/turtlebot4_ws/install/turtlebot4_msgs:/opt/ros/humble LD_LIBRARY_PATH=/home/ngalacan/vlbarsegyan/turtlebot4_ws/install/turtlebot4_msgs/lib:${LD_LIBRARY_PATH} PYTHONPATH=/home/ngalacan/vlbarsegyan/turtlebot4_ws/install/turtlebot4_msgs/local/lib/python3.10/dist-packages:${PYTHONPATH} /usr/bin/cmake --install /home/ngalacan/vlbarsegyan/turtlebot4_ws/build/turtlebot4_node
